<?xml version="1.0" encoding="UTF-8"?>
<Site BuildName="Linux-g++"
	BuildStamp="20251025-0135-Experimental"
	Name="ivis"
	Generator="ctest-3.28.3"
	CompilerName="/usr/bin/g++"
	CompilerVersion="13.3.0"
	OSName="Linux"
	Hostname="ivis"
	OSRelease="6.14.0-33-generic"
	OSVersion="#33~24.04.1-Ubuntu SMP PREEMPT_DYNAMIC Fri Sep 19 17:02:30 UTC 2"
	OSPlatform="x86_64"
	Is64Bits="1"
	VendorString="GenuineIntel"
	VendorID="Intel Corporation"
	FamilyID="6"
	ModelID="170"
	ProcessorCacheSize="24576"
	NumberOfLogicalCPU="22"
	NumberOfPhysicalCPU="16"
	TotalVirtualMemory="8191"
	TotalPhysicalMemory="31698"
	LogicalProcessorsPerPhysical="1"
	ProcessorClockFrequency="1139.71"
	>
	<Testing>
		<StartDateTime>Oct 25 04:35 MSK</StartDateTime>
		<StartTestTime>1761356137</StartTestTime>
		<TestList/>
		<EndDateTime>Oct 25 04:35 MSK</EndDateTime>
		<EndTestTime>1761356137</EndTestTime>
		<ElapsedMinutes>0</ElapsedMinutes>
	</Testing>
</Site>
